<?xml version="1.0" encoding="UTF-8"?>
<!-- Generated by org.testng.reporters.JUnitReportReporter -->
<testsuite hostname="madhavareddy-macbookpro3.roam.corp.google.com" name="com.eclamz.auto.amazonecl.login" tests="1" failures="0" timestamp="24 Jan 2018 19:18:53 GMT" time="2.902" errors="0">
  <testcase name="loginamazon" time="2.902" classname="com.eclamz.auto.amazonecl.login"/>
</testsuite> <!-- com.eclamz.auto.amazonecl.login -->
