<?xml version="1.0" encoding="UTF-8"?>
<!-- Generated by org.testng.reporters.JUnitReportReporter -->
<testsuite hostname="madhavareddy-macbookpro3.roam.corp.google.com" name="stocks.CheckStock" tests="1" failures="0" timestamp="8 Feb 2018 05:13:45 GMT" time="25.197" errors="0">
  <testcase name="searchStock" time="25.197" classname="stocks.CheckStock"/>
</testsuite> <!-- stocks.CheckStock -->
